13:11:26.219 [INFO] [org.gradle.launcher.daemon.server.Daemon] start() called on daemon - DefaultDaemonContext[uid=7f5f57a9-ab9f-4988-a003-7d9502788fc7,javaHome=C:\Program Files\Java\jdk1.7.0_79,daemonRegistryDir=D:\AndroidStudio\.gradle\daemon,pid=2708,idleTimeout=10800000,daemonOpts=-XX:MaxPermSize=256m,-XX:+HeapDumpOnOutOfMemoryError,-Xmx1024m,-Dfile.encoding=windows-1252,-Duser.country=CA,-Duser.language=fr,-Duser.variant]
13:11:26.227 [DEBUG] [org.gradle.launcher.daemon.server.DaemonStateCoordinator] updating lastActivityAt to 1440177086227
13:11:26.287 [DEBUG] [org.gradle.messaging.remote.internal.inet.InetAddressFactory] Adding IP addresses for network interface Software Loopback Interface 1
13:11:26.288 [DEBUG] [org.gradle.messaging.remote.internal.inet.InetAddressFactory] Is this a loopback interface? true
13:11:26.289 [DEBUG] [org.gradle.messaging.remote.internal.inet.InetAddressFactory] Is this a multicast interface? true
13:11:26.289 [DEBUG] [org.gradle.messaging.remote.internal.inet.InetAddressFactory] Adding loopback address /127.0.0.1
13:11:26.290 [DEBUG] [org.gradle.messaging.remote.internal.inet.InetAddressFactory] Adding loopback address /0:0:0:0:0:0:0:1
13:11:26.291 [DEBUG] [org.gradle.messaging.remote.internal.inet.InetAddressFactory] Adding loopback multicast interface Software Loopback Interface 1
13:11:26.291 [DEBUG] [org.gradle.messaging.remote.internal.inet.InetAddressFactory] Adding IP addresses for network interface WAN Miniport (SSTP)
13:11:26.292 [DEBUG] [org.gradle.messaging.remote.internal.inet.InetAddressFactory] Is this a loopback interface? false
13:11:26.293 [DEBUG] [org.gradle.messaging.remote.internal.inet.InetAddressFactory] Is this a multicast interface? true
13:11:26.293 [DEBUG] [org.gradle.messaging.remote.internal.inet.InetAddressFactory] Adding loopback multicast interface WAN Miniport (SSTP)
13:11:26.294 [DEBUG] [org.gradle.messaging.remote.internal.inet.InetAddressFactory] Adding IP addresses for network interface WAN Miniport (L2TP)
13:11:26.295 [DEBUG] [org.gradle.messaging.remote.internal.inet.InetAddressFactory] Is this a loopback interface? false
13:11:26.296 [DEBUG] [org.gradle.messaging.remote.internal.inet.InetAddressFactory] Is this a multicast interface? true
13:11:26.296 [DEBUG] [org.gradle.messaging.remote.internal.inet.InetAddressFactory] Adding loopback multicast interface WAN Miniport (L2TP)
13:11:26.296 [DEBUG] [org.gradle.messaging.remote.internal.inet.InetAddressFactory] Adding IP addresses for network interface WAN Miniport (PPTP)
13:11:26.297 [DEBUG] [org.gradle.messaging.remote.internal.inet.InetAddressFactory] Is this a loopback interface? false
13:11:26.298 [DEBUG] [org.gradle.messaging.remote.internal.inet.InetAddressFactory] Is this a multicast interface? true
13:11:26.299 [DEBUG] [org.gradle.messaging.remote.internal.inet.InetAddressFactory] Adding loopback multicast interface WAN Miniport (PPTP)
13:11:26.299 [DEBUG] [org.gradle.messaging.remote.internal.inet.InetAddressFactory] Adding IP addresses for network interface WAN Miniport (PPPOE)
13:11:26.300 [DEBUG] [org.gradle.messaging.remote.internal.inet.InetAddressFactory] Is this a loopback interface? false
13:11:26.301 [DEBUG] [org.gradle.messaging.remote.internal.inet.InetAddressFactory] Is this a multicast interface? true
13:11:26.302 [DEBUG] [org.gradle.messaging.remote.internal.inet.InetAddressFactory] Adding loopback multicast interface WAN Miniport (PPPOE)
13:11:26.302 [DEBUG] [org.gradle.messaging.remote.internal.inet.InetAddressFactory] Adding IP addresses for network interface WAN Miniport (IPv6)
13:11:26.303 [DEBUG] [org.gradle.messaging.remote.internal.inet.InetAddressFactory] Is this a loopback interface? false
13:11:26.304 [DEBUG] [org.gradle.messaging.remote.internal.inet.InetAddressFactory] Is this a multicast interface? true
13:11:26.304 [DEBUG] [org.gradle.messaging.remote.internal.inet.InetAddressFactory] Adding loopback multicast interface WAN Miniport (IPv6)
13:11:26.305 [DEBUG] [org.gradle.messaging.remote.internal.inet.InetAddressFactory] Adding IP addresses for network interface WAN Miniport (Network Monitor)
13:11:26.306 [DEBUG] [org.gradle.messaging.remote.internal.inet.InetAddressFactory] Is this a loopback interface? false
13:11:26.307 [DEBUG] [org.gradle.messaging.remote.internal.inet.InetAddressFactory] Is this a multicast interface? true
13:11:26.307 [DEBUG] [org.gradle.messaging.remote.internal.inet.InetAddressFactory] Adding loopback multicast interface WAN Miniport (Network Monitor)
13:11:26.308 [DEBUG] [org.gradle.messaging.remote.internal.inet.InetAddressFactory] Adding IP addresses for network interface WAN Miniport (IP)
13:11:26.309 [DEBUG] [org.gradle.messaging.remote.internal.inet.InetAddressFactory] Is this a loopback interface? false
13:11:26.310 [DEBUG] [org.gradle.messaging.remote.internal.inet.InetAddressFactory] Is this a multicast interface? true
13:11:26.310 [DEBUG] [org.gradle.messaging.remote.internal.inet.InetAddressFactory] Adding loopback multicast interface WAN Miniport (IP)
13:11:26.310 [DEBUG] [org.gradle.messaging.remote.internal.inet.InetAddressFactory] Adding IP addresses for network interface RAS Async Adapter
13:11:26.311 [DEBUG] [org.gradle.messaging.remote.internal.inet.InetAddressFactory] Is this a loopback interface? false
13:11:26.312 [DEBUG] [org.gradle.messaging.remote.internal.inet.InetAddressFactory] Is this a multicast interface? true
13:11:26.313 [DEBUG] [org.gradle.messaging.remote.internal.inet.InetAddressFactory] Adding loopback multicast interface RAS Async Adapter
13:11:26.313 [DEBUG] [org.gradle.messaging.remote.internal.inet.InetAddressFactory] Adding IP addresses for network interface Microsoft Teredo Tunneling Adapter
13:11:26.313 [DEBUG] [org.gradle.messaging.remote.internal.inet.InetAddressFactory] Is this a loopback interface? false
13:11:26.313 [DEBUG] [org.gradle.messaging.remote.internal.inet.InetAddressFactory] Is this a multicast interface? false
13:11:26.313 [DEBUG] [org.gradle.messaging.remote.internal.inet.InetAddressFactory] Adding remote address /fe80:0:0:0:0:100:7f:fffe%10
13:11:26.313 [DEBUG] [org.gradle.messaging.remote.internal.inet.InetAddressFactory] Adding IP addresses for network interface WAN Miniport (IKEv2)
13:11:26.313 [DEBUG] [org.gradle.messaging.remote.internal.inet.InetAddressFactory] Is this a loopback interface? false
13:11:26.313 [DEBUG] [org.gradle.messaging.remote.internal.inet.InetAddressFactory] Is this a multicast interface? true
13:11:26.313 [DEBUG] [org.gradle.messaging.remote.internal.inet.InetAddressFactory] Adding loopback multicast interface WAN Miniport (IKEv2)
13:11:26.313 [DEBUG] [org.gradle.messaging.remote.internal.inet.InetAddressFactory] Adding IP addresses for network interface Intel(R) 82579LM Gigabit Network Connection
13:11:26.313 [DEBUG] [org.gradle.messaging.remote.internal.inet.InetAddressFactory] Is this a loopback interface? false
13:11:26.313 [DEBUG] [org.gradle.messaging.remote.internal.inet.InetAddressFactory] Is this a multicast interface? true
13:11:26.313 [DEBUG] [org.gradle.messaging.remote.internal.inet.InetAddressFactory] Adding remote address /172.16.125.61
13:11:26.313 [DEBUG] [org.gradle.messaging.remote.internal.inet.InetAddressFactory] Adding remote address /fe80:0:0:0:8da0:bacd:29aa:5f06%12
13:11:26.313 [DEBUG] [org.gradle.messaging.remote.internal.inet.InetAddressFactory] Adding remote multicast interface Intel(R) 82579LM Gigabit Network Connection
13:11:26.313 [DEBUG] [org.gradle.messaging.remote.internal.inet.InetAddressFactory] Adding IP addresses for network interface Carte Microsoft ISATAP
13:11:26.313 [DEBUG] [org.gradle.messaging.remote.internal.inet.InetAddressFactory] Is this a loopback interface? false
13:11:26.313 [DEBUG] [org.gradle.messaging.remote.internal.inet.InetAddressFactory] Is this a multicast interface? false
13:11:26.313 [DEBUG] [org.gradle.messaging.remote.internal.inet.InetAddressFactory] Adding remote address /fe80:0:0:0:0:5efe:ac10:7d3d%13
13:11:26.313 [DEBUG] [org.gradle.messaging.remote.internal.inet.InetAddressFactory] Adding IP addresses for network interface Intel(R) 82579LM Gigabit Network Connection-Virtual PC Network Filter Driver-0000
13:11:26.313 [DEBUG] [org.gradle.messaging.remote.internal.inet.InetAddressFactory] Is this a loopback interface? false
13:11:26.313 [DEBUG] [org.gradle.messaging.remote.internal.inet.InetAddressFactory] Is this a multicast interface? true
13:11:26.313 [DEBUG] [org.gradle.messaging.remote.internal.inet.InetAddressFactory] Adding loopback multicast interface Intel(R) 82579LM Gigabit Network Connection-Virtual PC Network Filter Driver-0000
13:11:26.313 [DEBUG] [org.gradle.messaging.remote.internal.inet.InetAddressFactory] Adding IP addresses for network interface Intel(R) 82579LM Gigabit Network Connection-QoS Packet Scheduler-0000
13:11:26.313 [DEBUG] [org.gradle.messaging.remote.internal.inet.InetAddressFactory] Is this a loopback interface? false
13:11:26.328 [DEBUG] [org.gradle.messaging.remote.internal.inet.InetAddressFactory] Is this a multicast interface? true
13:11:26.328 [DEBUG] [org.gradle.messaging.remote.internal.inet.InetAddressFactory] Adding loopback multicast interface Intel(R) 82579LM Gigabit Network Connection-QoS Packet Scheduler-0000
13:11:26.328 [DEBUG] [org.gradle.messaging.remote.internal.inet.InetAddressFactory] Adding IP addresses for network interface Intel(R) 82579LM Gigabit Network Connection-WFP LightWeight Filter-0000
13:11:26.328 [DEBUG] [org.gradle.messaging.remote.internal.inet.InetAddressFactory] Is this a loopback interface? false
13:11:26.328 [DEBUG] [org.gradle.messaging.remote.internal.inet.InetAddressFactory] Is this a multicast interface? true
13:11:26.328 [DEBUG] [org.gradle.messaging.remote.internal.inet.InetAddressFactory] Adding loopback multicast interface Intel(R) 82579LM Gigabit Network Connection-WFP LightWeight Filter-0000
13:11:26.328 [DEBUG] [org.gradle.messaging.remote.internal.inet.InetAddressFactory] Adding IP addresses for network interface WAN Miniport (Network Monitor)-QoS Packet Scheduler-0000
13:11:26.328 [DEBUG] [org.gradle.messaging.remote.internal.inet.InetAddressFactory] Is this a loopback interface? false
13:11:26.328 [DEBUG] [org.gradle.messaging.remote.internal.inet.InetAddressFactory] Is this a multicast interface? true
13:11:26.328 [DEBUG] [org.gradle.messaging.remote.internal.inet.InetAddressFactory] Adding loopback multicast interface WAN Miniport (Network Monitor)-QoS Packet Scheduler-0000
13:11:26.328 [DEBUG] [org.gradle.messaging.remote.internal.inet.InetAddressFactory] Adding IP addresses for network interface WAN Miniport (IP)-QoS Packet Scheduler-0000
13:11:26.328 [DEBUG] [org.gradle.messaging.remote.internal.inet.InetAddressFactory] Is this a loopback interface? false
13:11:26.328 [DEBUG] [org.gradle.messaging.remote.internal.inet.InetAddressFactory] Is this a multicast interface? true
13:11:26.328 [DEBUG] [org.gradle.messaging.remote.internal.inet.InetAddressFactory] Adding loopback multicast interface WAN Miniport (IP)-QoS Packet Scheduler-0000
13:11:26.328 [DEBUG] [org.gradle.messaging.remote.internal.inet.InetAddressFactory] Adding IP addresses for network interface WAN Miniport (IPv6)-QoS Packet Scheduler-0000
13:11:26.328 [DEBUG] [org.gradle.messaging.remote.internal.inet.InetAddressFactory] Is this a loopback interface? false
13:11:26.328 [DEBUG] [org.gradle.messaging.remote.internal.inet.InetAddressFactory] Is this a multicast interface? true
13:11:26.328 [DEBUG] [org.gradle.messaging.remote.internal.inet.InetAddressFactory] Adding loopback multicast interface WAN Miniport (IPv6)-QoS Packet Scheduler-0000
13:11:26.344 [DEBUG] [org.gradle.messaging.remote.internal.inet.TcpIncomingConnector] Listening on [b9966efe-cfb3-417a-9d0c-f1345c78b667 port:54912, addresses:[/127.0.0.1, /0:0:0:0:0:0:0:1]].
13:11:26.344 [DEBUG] [org.gradle.launcher.daemon.server.Daemon] Daemon starting at: Fri Aug 21 13:11:26 EDT 2015, with address: [b9966efe-cfb3-417a-9d0c-f1345c78b667 port:54912, addresses:[/127.0.0.1, /0:0:0:0:0:0:0:1]]
13:11:26.344 [INFO] [org.gradle.launcher.daemon.server.DomainRegistryUpdater] Advertising the daemon address to the clients: [b9966efe-cfb3-417a-9d0c-f1345c78b667 port:54912, addresses:[/127.0.0.1, /0:0:0:0:0:0:0:1]]
13:11:26.344 [DEBUG] [org.gradle.launcher.daemon.server.DomainRegistryUpdater] Advertised daemon context: DefaultDaemonContext[uid=7f5f57a9-ab9f-4988-a003-7d9502788fc7,javaHome=C:\Program Files\Java\jdk1.7.0_79,daemonRegistryDir=D:\AndroidStudio\.gradle\daemon,pid=2708,idleTimeout=10800000,daemonOpts=-XX:MaxPermSize=256m,-XX:+HeapDumpOnOutOfMemoryError,-Xmx1024m,-Dfile.encoding=windows-1252,-Duser.country=CA,-Duser.language=fr,-Duser.variant]
13:11:26.344 [DEBUG] [org.gradle.launcher.daemon.registry.PersistentDaemonRegistry] Storing daemon address: [b9966efe-cfb3-417a-9d0c-f1345c78b667 port:54912, addresses:[/127.0.0.1, /0:0:0:0:0:0:0:1]], context: DefaultDaemonContext[uid=7f5f57a9-ab9f-4988-a003-7d9502788fc7,javaHome=C:\Program Files\Java\jdk1.7.0_79,daemonRegistryDir=D:\AndroidStudio\.gradle\daemon,pid=2708,idleTimeout=10800000,daemonOpts=-XX:MaxPermSize=256m,-XX:+HeapDumpOnOutOfMemoryError,-Xmx1024m,-Dfile.encoding=windows-1252,-Duser.country=CA,-Duser.language=fr,-Duser.variant]
13:11:26.360 [DEBUG] [org.gradle.cache.internal.DefaultFileLockManager] Waiting to acquire exclusive lock on daemon addresses registry.
13:11:26.360 [DEBUG] [org.gradle.cache.internal.DefaultFileLockManager] Lock acquired.
13:11:26.360 [DEBUG] [org.gradle.cache.internal.DefaultFileLockManager] Releasing lock on daemon addresses registry.
13:11:26.375 [DEBUG] [org.gradle.cache.internal.DefaultFileLockManager] Waiting to acquire exclusive lock on daemon addresses registry.
13:11:26.375 [DEBUG] [org.gradle.cache.internal.DefaultFileLockManager] Lock acquired.
13:11:26.391 [DEBUG] [org.gradle.cache.internal.DefaultFileLockManager] Releasing lock on daemon addresses registry.
13:11:26.391 [LIFECYCLE] [org.gradle.launcher.daemon.server.Daemon] Daemon server started.
13:11:26.406 [DEBUG] [org.gradle.launcher.daemon.bootstrap.DaemonStartupCommunication] Completed writing the daemon greeting. Closing streams...
13:11:26.406 [DEBUG] [org.gradle.launcher.daemon.server.Daemon] requestStopOnIdleTimeout(10800000 MILLISECONDS) called on daemon
13:11:26.406 [DEBUG] [org.gradle.launcher.daemon.server.DaemonStateCoordinator] Idle timeout: waiting for daemon to stop or be idle for 10800000ms
13:11:26.406 [DEBUG] [org.gradle.launcher.daemon.server.DaemonStateCoordinator] Daemon is idle, sleeping until state change or idle timeout at Fri Aug 21 16:11:26 EDT 2015
13:11:26.494 [DEBUG] [org.gradle.messaging.remote.internal.inet.TcpIncomingConnector] Accepted connection from /127.0.0.1:54913 to /127.0.0.1:54912.
13:11:26.554 [DEBUG] [org.gradle.launcher.daemon.server.SynchronizedDispatchConnection] thread 14: received class org.gradle.launcher.daemon.protocol.Build
13:11:26.554 [DEBUG] [org.gradle.launcher.daemon.server.DefaultDaemonConnection] Received non-IO message from client: Build{id=6e38ed49-3d6a-4f00-a580-16c6f01686a4.1, currentDir=D:\AndroidStudio\PremierCours}
13:11:26.555 [INFO] [org.gradle.launcher.daemon.server.DefaultIncomingConnectionHandler] Received command: Build{id=6e38ed49-3d6a-4f00-a580-16c6f01686a4.1, currentDir=D:\AndroidStudio\PremierCours}.
13:11:26.555 [DEBUG] [org.gradle.launcher.daemon.server.DefaultIncomingConnectionHandler] Starting executing command: Build{id=6e38ed49-3d6a-4f00-a580-16c6f01686a4.1, currentDir=D:\AndroidStudio\PremierCours} with connection: socket connection from /127.0.0.1:54912 to /127.0.0.1:54913.
13:11:26.563 [DEBUG] [org.gradle.launcher.daemon.server.DaemonStateCoordinator] Command execution: started DaemonCommandExecution[command = Build{id=6e38ed49-3d6a-4f00-a580-16c6f01686a4.1, currentDir=D:\AndroidStudio\PremierCours}, connection = org.gradle.launcher.daemon.server.DefaultDaemonConnection@2e302754] after 0.0 minutes of idle
13:11:26.563 [INFO] [org.gradle.launcher.daemon.server.DomainRegistryUpdater] Marking the daemon as busy, address: [b9966efe-cfb3-417a-9d0c-f1345c78b667 port:54912, addresses:[/127.0.0.1, /0:0:0:0:0:0:0:1]]
13:11:26.564 [DEBUG] [org.gradle.launcher.daemon.registry.PersistentDaemonRegistry] Marking busy by address: [b9966efe-cfb3-417a-9d0c-f1345c78b667 port:54912, addresses:[/127.0.0.1, /0:0:0:0:0:0:0:1]]
13:11:26.565 [DEBUG] [org.gradle.cache.internal.DefaultFileLockManager] Waiting to acquire exclusive lock on daemon addresses registry.
13:11:26.565 [DEBUG] [org.gradle.cache.internal.DefaultFileLockManager] Lock acquired.
13:11:26.574 [DEBUG] [org.gradle.cache.internal.DefaultFileLockManager] Releasing lock on daemon addresses registry.
13:11:26.576 [DEBUG] [org.gradle.launcher.daemon.server.DaemonStateCoordinator] updating lastActivityAt to 1440177086576
13:11:26.576 [DEBUG] [org.gradle.launcher.daemon.server.DaemonStateCoordinator] Daemon is busy, sleeping until state changes.
13:11:26.577 [INFO] [org.gradle.launcher.daemon.server.exec.StartBuildOrRespondWithBusy] Daemon is about to start building Build{id=6e38ed49-3d6a-4f00-a580-16c6f01686a4.1, currentDir=D:\AndroidStudio\PremierCours}. Dispatching build started information...
13:11:26.578 [DEBUG] [org.gradle.launcher.daemon.server.SynchronizedDispatchConnection] thread 16: dispatching class org.gradle.launcher.daemon.protocol.BuildStarted
13:11:26.580 [DEBUG] [org.gradle.launcher.daemon.server.exec.EstablishBuildEnvironment] Configuring env variables: {USERPROFILE=C:\Users\0949748, ProgramData=C:\ProgramData, PATHEXT=.COM;.EXE;.BAT;.CMD;.VBS;.VBE;.JS;.JSE;.WSF;.WSH;.MSC, ANDROID_SDK_HOME=C:\Android\sdk, ProgramFiles(x86)=C:\Program Files (x86), ZENWORKS_HOME=C:\Program Files (x86)\Novell\ZENworks, TEMP=C:\Users\0949748\AppData\Local\Temp, SystemDrive=C:, IPRINT_HOME=;C:\Program Files\Novell\iPrint;, NWLANGUAGE=FRANCAIS, WINDOWS_LOGIN=0, ProgramFiles=C:\Program Files, Path=C:\Windows\system32;C:\Windows;C:\Windows\System32\Wbem;C:\Windows\System32\WindowsPowerShell\v1.0\;C:\Program Files (x86)\Novell\GroupWise;C:\Program Files (x86)\QuickTime\QTSystem\;C:\Program Files\Novell\iPrint;;C:\Program Files (x86)\Novell\ZENworks\bin;C:\Program Files (x86)\Brackets\command;C:\Program Files\nodejs\;C:\_420\NodeJS\node_modules\.bin;C:\Program Files\TortoiseSVN\bin;C:\Program Files (x86)\Windows Kits\8.1\Windows Performance Toolkit\;C:\Program Files\Microsoft SQL Server\110\Tools\Binn\;C:\wamp\bin\php\php5.5.12;C:\ProgramData\ComposerSetup\bin;C:\Users\0949748\AppData\Roaming\npm;C:\Users\Administrateur\AppData\Local\Code\bin;Z:.;, HOMEDRIVE=C:, PROCESSOR_REVISION=3a09, USERDOMAIN=LD125-06-03955, ALLUSERSPROFILE=C:\ProgramData, NWUSERNAME=0949748, =P:=P:\, ProgramW6432=C:\Program Files, PROCESSOR_IDENTIFIER=Intel64 Family 6 Model 58 Stepping 9, GenuineIntel, SESSIONNAME=Console, TMP=C:\Users\0949748\AppData\Local\Temp, =H:=H:\, PROCESSOR_ARCHITECTURE=AMD64, CommonProgramFiles=C:\Program Files\Common Files, LOGONSERVER=\\LD125-06-03955, FP_NO_HOST_CHECK=NO, OS=Windows_NT, HOMEPATH=\Users\0949748, PROCESSOR_LEVEL=6, CommonProgramW6432=C:\Program Files\Common Files, LOCALAPPDATA=C:\Users\0949748\AppData\Local, VS120COMNTOOLS=C:\Program Files (x86)\Microsoft Visual Studio 12.0\Common7\Tools\, =Z:=Z:\, COMPUTERNAME=LD125-06-03955, windir=C:\Windows, SystemRoot=C:\Windows, NUMBER_OF_PROCESSORS=8, USERNAME=0949748, PUBLIC=C:\Users\Public, PSModulePath=C:\Windows\system32\WindowsPowerShell\v1.0\Modules\, CommonProgramFiles(x86)=C:\Program Files (x86)\Common Files, =I:=I:\, ComSpec=C:\Windows\system32\cmd.exe, APPDATA=C:\Users\0949748\AppData\Roaming}
13:11:26.591 [DEBUG] [org.gradle.launcher.daemon.server.SynchronizedDispatchConnection] thread 14: received class org.gradle.launcher.daemon.protocol.CloseInput
13:11:26.591 [DEBUG] [org.gradle.launcher.daemon.server.DefaultDaemonConnection] Received IO message from client: CloseInput[id=6e38ed49-3d6a-4f00-a580-16c6f01686a4.2]
13:11:26.593 [INFO] [org.gradle.launcher.daemon.server.exec.LogToClient] About to start relaying all logs to the client via the connection.
13:11:26.593 [INFO] [org.gradle.launcher.daemon.server.exec.LogToClient] The client will now receive all logging from the daemon (pid: 2708). The daemon log file: D:\AndroidStudio\.gradle\daemon\2.2.1\daemon-2708.out.log
13:11:26.594 [INFO] [org.gradle.launcher.daemon.server.exec.ForwardClientInput] Closing daemon's stdin at end of input.
13:11:26.594 [INFO] [org.gradle.launcher.daemon.server.exec.ForwardClientInput] The daemon will no longer process any standard input.
13:11:26.597 [DEBUG] [org.gradle.launcher.daemon.server.exec.ExecuteBuild] The daemon has started executing the build.
13:11:26.598 [INFO] [org.gradle.launcher.daemon.server.exec.ExecuteBuild] Executing build with daemon context: DefaultDaemonContext[uid=7f5f57a9-ab9f-4988-a003-7d9502788fc7,javaHome=C:\Program Files\Java\jdk1.7.0_79,daemonRegistryDir=D:\AndroidStudio\.gradle\daemon,pid=2708,idleTimeout=10800000,daemonOpts=-XX:MaxPermSize=256m,-XX:+HeapDumpOnOutOfMemoryError,-Xmx1024m,-Dfile.encoding=windows-1252,-Duser.country=CA,-Duser.language=fr,-Duser.variant]
13:11:27.410 [INFO] [org.gradle.tooling.internal.provider.DefaultPayloadClassLoaderRegistry] Creating ClassLoader 32c6afdb-2553-4f8b-aa06-a9d33ccd781f from [Spec classpath:[file:/C:/Android/Android%20Studio/plugins/gradle/lib/gradle-tooling-api-2.2.jar, file:/C:/Android/Android%20Studio/plugins/gradle/lib/guava-jdk5-17.0.jar, file:/C:/Android/Android%20Studio/plugins/gradle/lib/gradle-base-services-2.2.jar, file:/C:/Android/Android%20Studio/plugins/gradle/lib/gradle-tooling-extension-api.jar, file:/C:/Android/Android%20Studio/lib/openapi.jar, file:/C:/Android/Android%20Studio/plugins/google-cloud-tools/lib/gradle-appengine-builder-model-0.1.0.jar, file:/C:/Android/Android%20Studio/plugins/android/lib/builder-model-1.1.0-rc1.jar]] and [org.gradle.internal.classloader.FilteringClassLoader@304ccdb9].
13:11:27.410 [DEBUG] [org.gradle.cache.internal.DefaultFileLockManager] Waiting to acquire exclusive lock on jars (D:\AndroidStudio\.gradle\caches\jars-1).
13:11:27.410 [DEBUG] [org.gradle.cache.internal.DefaultFileLockManager] Lock acquired.
13:11:27.410 [DEBUG] [org.gradle.cache.internal.DefaultPersistentDirectoryCache] Invalidating org.gradle.cache.internal.DefaultPersistentDirectoryCache$Initializer@27b5bf6f as it was not closed cleanly.
13:11:27.425 [DEBUG] [org.gradle.cache.internal.locklistener.DefaultFileLockContentionHandler] Starting file lock listener thread.

BUILD SUCCESSFUL

Total time: 38.659 secs
13:11:55.466 [DEBUG] [org.gradle.api.internal.tasks.compile.daemon.CompilerDaemonManager] Stopping 0 compiler daemon(s).
13:11:55.467 [INFO] [org.gradle.api.internal.tasks.compile.daemon.CompilerDaemonManager] Stopped 0 compiler daemon(s).
13:11:55.467 [DEBUG] [org.gradle.cache.internal.DefaultFileLockManager] Releasing lock on initscript class cache for initialization script 'C:\Users\0949748\AppData\Local\Temp\asLocalRepo8290727518524458117.gradle' (D:\AndroidStudio\.gradle\caches\2.2.1\scripts\asLocalRepo8290727518524458117_7o81a6n81dwfi6bw8vgsosgao\InitScript\initscript).
13:11:55.469 [DEBUG] [org.gradle.cache.internal.DefaultFileLockManager] Releasing lock on no_initscript class cache for initialization script 'C:\Users\0949748\AppData\Local\Temp\asLocalRepo8290727518524458117.gradle' (D:\AndroidStudio\.gradle\caches\2.2.1\scripts\asLocalRepo8290727518524458117_7o81a6n81dwfi6bw8vgsosgao\InitScript\no_initscript).
13:11:55.470 [DEBUG] [org.gradle.cache.internal.DefaultFileLockManager] Releasing lock on initscript class cache for initialization script 'C:\Users\0949748\AppData\Local\Temp\ijinit7685610240206798693.gradle' (D:\AndroidStudio\.gradle\caches\2.2.1\scripts\ijinit7685610240206798693_4058j54r4xsctp25uq7lqkudo\InitScript\initscript).
13:11:55.471 [DEBUG] [org.gradle.cache.internal.DefaultFileLockManager] Releasing lock on no_initscript class cache for initialization script 'C:\Users\0949748\AppData\Local\Temp\ijinit7685610240206798693.gradle' (D:\AndroidStudio\.gradle\caches\2.2.1\scripts\ijinit7685610240206798693_4058j54r4xsctp25uq7lqkudo\InitScript\no_initscript).
13:11:55.472 [DEBUG] [org.gradle.cache.internal.DefaultFileLockManager] Releasing lock on buildscript class cache for settings file 'D:\AndroidStudio\PremierCours\settings.gradle' (D:\AndroidStudio\.gradle\caches\2.2.1\scripts\settings_3kjz1pj12wz68fsmwf8wfyocy\SettingsScript\buildscript).
13:11:55.474 [DEBUG] [org.gradle.cache.internal.DefaultFileLockManager] Releasing lock on no_buildscript class cache for settings file 'D:\AndroidStudio\PremierCours\settings.gradle' (D:\AndroidStudio\.gradle\caches\2.2.1\scripts\settings_3kjz1pj12wz68fsmwf8wfyocy\SettingsScript\no_buildscript).
13:11:55.475 [DEBUG] [org.gradle.cache.internal.DefaultFileLockManager] Releasing lock on buildscript class cache for build file 'D:\AndroidStudio\PremierCours\build.gradle' (D:\AndroidStudio\.gradle\caches\2.2.1\scripts\build_9em4s4x4f1gfxp1deksbo2z3z\ProjectScript\buildscript).
13:11:55.476 [DEBUG] [org.gradle.cache.internal.DefaultFileLockManager] Releasing lock on no_buildscript class cache for build file 'D:\AndroidStudio\PremierCours\build.gradle' (D:\AndroidStudio\.gradle\caches\2.2.1\scripts\build_9em4s4x4f1gfxp1deksbo2z3z\ProjectScript\no_buildscript).
13:11:55.477 [DEBUG] [org.gradle.cache.internal.DefaultFileLockManager] Releasing lock on buildscript class cache for build file 'D:\AndroidStudio\PremierCours\app\build.gradle' (D:\AndroidStudio\.gradle\caches\2.2.1\scripts\build_amwmqj3nw6j4qqu44g8sllii4\ProjectScript\buildscript).
13:11:55.478 [DEBUG] [org.gradle.cache.internal.DefaultFileLockManager] Releasing lock on no_buildscript class cache for build file 'D:\AndroidStudio\PremierCours\app\build.gradle' (D:\AndroidStudio\.gradle\caches\2.2.1\scripts\build_amwmqj3nw6j4qqu44g8sllii4\ProjectScript\no_buildscript).
13:11:55.480 [DEBUG] [org.gradle.cache.internal.DefaultCacheAccess] Cache Plugin Resolution Cache (D:\AndroidStudio\.gradle\caches\2.2.1\plugin-resolution) was closed 0 times.
13:11:55.480 [DEBUG] [org.gradle.cache.internal.DefaultFileLockManager] Releasing lock on jars (D:\AndroidStudio\.gradle\caches\jars-1).
13:11:55.482 [DEBUG] [org.gradle.cache.internal.btree.BTreePersistentIndexedCache] Closing cache module-metadata.bin (D:\AndroidStudio\.gradle\caches\modules-2\metadata-2.14\module-metadata.bin)
13:11:55.485 [DEBUG] [org.gradle.cache.internal.btree.BTreePersistentIndexedCache] Closing cache artifact-at-url.bin (D:\AndroidStudio\.gradle\caches\modules-2\metadata-2.14\artifact-at-url.bin)
13:11:55.488 [DEBUG] [org.gradle.cache.internal.DefaultFileLockManager] Releasing lock on artifact cache (D:\AndroidStudio\.gradle\caches\modules-2).
13:11:55.496 [DEBUG] [org.gradle.api.internal.artifacts.ivyservice.ivyresolve.memcache.InMemoryCachedRepositoryFactory] In-memory dependency metadata cache closed. Repos cached: 30, cache instances: 4, modules served from cache: 106, artifacts: 61
13:11:55.500 [DEBUG] [org.gradle.api.internal.artifacts.ivyservice.resolveengine.store.CachedStoreFactory] Resolution result cache closed. Cache reads: 7, disk reads: 6 (avg: 0.0 secs, total: 0.004 secs)
13:11:55.502 [DEBUG] [org.gradle.api.internal.artifacts.ivyservice.resolveengine.store.CachedStoreFactory] Resolved configuration cache closed. Cache reads: 0, disk reads: 0 (avg: 0.0 secs, total: 0.0 secs)
13:11:55.502 [DEBUG] [org.gradle.api.internal.artifacts.ivyservice.resolveengine.store.ResolutionResultsStoreFactory] Deleted 2 resolution results binary files in 0.006 secs
13:11:55.503 [DEBUG] [org.gradle.launcher.daemon.server.exec.ExecuteBuild] The daemon has finished executing the build.
13:11:55.741 [DEBUG] [org.gradle.launcher.daemon.server.DaemonStateCoordinator] Daemon is busy, sleeping until state changes.
13:11:55.741 [DEBUG] [org.gradle.launcher.daemon.server.DaemonStateCoordinator] Command execution: finished waiting for DaemonCommandExecution[command = Build{id=6e38ed49-3d6a-4f00-a580-16c6f01686a4.1, currentDir=D:\AndroidStudio\PremierCours}, connection = org.gradle.launcher.daemon.server.DefaultDaemonConnection@2e302754]. Result org.gradle.launcher.daemon.server.DaemonStateCoordinator@5688147b with state Running
13:11:55.741 [DEBUG] [org.gradle.launcher.daemon.server.DaemonStateCoordinator] Command execution: completed DaemonCommandExecution[command = Build{id=6e38ed49-3d6a-4f00-a580-16c6f01686a4.1, currentDir=D:\AndroidStudio\PremierCours}, connection = org.gradle.launcher.daemon.server.DefaultDaemonConnection@2e302754]
13:11:55.741 [DEBUG] [org.gradle.launcher.daemon.server.DaemonStateCoordinator] updating lastActivityAt to 1440177115741
13:11:55.741 [DEBUG] [org.apache.http.impl.conn.PoolingClientConnectionManager] Connection manager is shutting down
13:11:55.741 [INFO] [org.gradle.launcher.daemon.server.DomainRegistryUpdater] Marking the daemon as idle, address: [b9966efe-cfb3-417a-9d0c-f1345c78b667 port:54912, addresses:[/127.0.0.1, /0:0:0:0:0:0:0:1]]
13:11:55.741 [DEBUG] [org.apache.http.impl.conn.DefaultClientConnection] Connection 0.0.0.0:54983<->108.168.194.91:443 closed
13:11:55.741 [DEBUG] [org.gradle.launcher.daemon.registry.PersistentDaemonRegistry] Marking idle by address: [b9966efe-cfb3-417a-9d0c-f1345c78b667 port:54912, addresses:[/127.0.0.1, /0:0:0:0:0:0:0:1]]
13:11:55.741 [DEBUG] [org.apache.http.impl.conn.DefaultClientConnection] Connection 0.0.0.0:54983<->108.168.194.91:443 closed
13:11:55.741 [DEBUG] [org.apache.http.impl.conn.PoolingClientConnectionManager] Connection manager shut down
13:11:55.741 [DEBUG] [org.gradle.cache.internal.DefaultFileLockManager] Waiting to acquire exclusive lock on daemon addresses registry.
13:11:55.741 [DEBUG] [org.gradle.cache.internal.DefaultFileLockManager] Lock acquired.
13:11:55.741 [DEBUG] [org.gradle.cache.internal.DefaultFileLockManager] Releasing lock on daemon addresses registry.
13:11:55.741 [DEBUG] [org.gradle.launcher.daemon.server.DaemonStateCoordinator] Daemon is idle, sleeping until state change or idle timeout at Fri Aug 21 16:11:55 EDT 2015
13:11:55.741 [DEBUG] [org.gradle.launcher.daemon.server.exec.ReturnResult] Daemon is dispatching the build result: DaemonCommandResult[type=Success, value=org.gradle.tooling.internal.provider.BuildActionResult@2c3c615d]
13:11:55.741 [DEBUG] [org.gradle.launcher.daemon.server.SynchronizedDispatchConnection] thread 13: dispatching class org.gradle.launcher.daemon.protocol.Success
13:11:55.757 [DEBUG] [org.gradle.launcher.daemon.server.DefaultIncomingConnectionHandler] Finishing executing command: Build{id=6e38ed49-3d6a-4f00-a580-16c6f01686a4.1, currentDir=D:\AndroidStudio\PremierCours}
13:11:55.772 [DEBUG] [org.gradle.launcher.daemon.server.SynchronizedDispatchConnection] thread 14: received class org.gradle.launcher.daemon.protocol.Finished
13:11:55.772 [DEBUG] [org.gradle.launcher.daemon.server.DefaultDaemonConnection] Received non-IO message from client: org.gradle.launcher.daemon.protocol.Finished@154945d5
13:11:55.772 [DEBUG] [org.gradle.launcher.daemon.server.DefaultIncomingConnectionHandler] Received finished message: org.gradle.launcher.daemon.protocol.Finished@154945d5
13:11:55.772 [DEBUG] [org.gradle.launcher.daemon.server.SynchronizedDispatchConnection] thread 14: received null
13:11:55.772 [DEBUG] [org.gradle.launcher.daemon.server.SynchronizedDispatchConnection] thread 13: stopping connection
13:11:55.772 [DEBUG] [org.gradle.launcher.daemon.server.DefaultDaemonConnection] Received end-of-input from client.
13:11:55.772 [DEBUG] [org.gradle.launcher.daemon.server.SynchronizedDispatchConnection] thread 13: stopping connection
13:12:06.012 [DEBUG] [org.gradle.messaging.remote.internal.inet.TcpIncomingConnector] Accepted connection from /127.0.0.1:55021 to /127.0.0.1:54912.
13:12:06.041 [DEBUG] [org.gradle.launcher.daemon.server.SynchronizedDispatchConnection] thread 19: received class org.gradle.launcher.daemon.protocol.Build
13:12:06.041 [DEBUG] [org.gradle.launcher.daemon.server.DefaultDaemonConnection] Received non-IO message from client: Build{id=16de08bc-5d60-4819-bae7-b8c653a6adc4.1, currentDir=D:\AndroidStudio\PremierCours}
13:12:06.041 [INFO] [org.gradle.launcher.daemon.server.DefaultIncomingConnectionHandler] Received command: Build{id=16de08bc-5d60-4819-bae7-b8c653a6adc4.1, currentDir=D:\AndroidStudio\PremierCours}.
13:12:06.042 [DEBUG] [org.gradle.launcher.daemon.server.DefaultIncomingConnectionHandler] Starting executing command: Build{id=16de08bc-5d60-4819-bae7-b8c653a6adc4.1, currentDir=D:\AndroidStudio\PremierCours} with connection: socket connection from /127.0.0.1:54912 to /127.0.0.1:55021.
13:12:06.043 [DEBUG] [org.gradle.launcher.daemon.server.DaemonStateCoordinator] Command execution: started DaemonCommandExecution[command = Build{id=16de08bc-5d60-4819-bae7-b8c653a6adc4.1, currentDir=D:\AndroidStudio\PremierCours}, connection = org.gradle.launcher.daemon.server.DefaultDaemonConnection@e75825e] after 0.0 minutes of idle
13:12:06.043 [INFO] [org.gradle.launcher.daemon.server.DomainRegistryUpdater] Marking the daemon as busy, address: [b9966efe-cfb3-417a-9d0c-f1345c78b667 port:54912, addresses:[/127.0.0.1, /0:0:0:0:0:0:0:1]]
13:12:06.043 [DEBUG] [org.gradle.launcher.daemon.registry.PersistentDaemonRegistry] Marking busy by address: [b9966efe-cfb3-417a-9d0c-f1345c78b667 port:54912, addresses:[/127.0.0.1, /0:0:0:0:0:0:0:1]]
13:12:06.045 [DEBUG] [org.gradle.cache.internal.DefaultFileLockManager] Waiting to acquire exclusive lock on daemon addresses registry.
13:12:06.045 [DEBUG] [org.gradle.cache.internal.DefaultFileLockManager] Lock acquired.
13:12:06.051 [DEBUG] [org.gradle.cache.internal.DefaultFileLockManager] Releasing lock on daemon addresses registry.
13:12:06.052 [DEBUG] [org.gradle.launcher.daemon.server.DaemonStateCoordinator] updating lastActivityAt to 1440177126052
13:12:06.053 [DEBUG] [org.gradle.launcher.daemon.server.DaemonStateCoordinator] Daemon is busy, sleeping until state changes.
13:12:06.053 [INFO] [org.gradle.launcher.daemon.server.exec.StartBuildOrRespondWithBusy] Daemon is about to start building Build{id=16de08bc-5d60-4819-bae7-b8c653a6adc4.1, currentDir=D:\AndroidStudio\PremierCours}. Dispatching build started information...
13:12:06.053 [DEBUG] [org.gradle.launcher.daemon.server.SynchronizedDispatchConnection] thread 16: dispatching class org.gradle.launcher.daemon.protocol.BuildStarted
13:12:06.054 [DEBUG] [org.gradle.launcher.daemon.server.exec.EstablishBuildEnvironment] Configuring env variables: {USERPROFILE=C:\Users\0949748, ProgramData=C:\ProgramData, PATHEXT=.COM;.EXE;.BAT;.CMD;.VBS;.VBE;.JS;.JSE;.WSF;.WSH;.MSC, ANDROID_SDK_HOME=C:\Android\sdk, ProgramFiles(x86)=C:\Program Files (x86), ZENWORKS_HOME=C:\Program Files (x86)\Novell\ZENworks, TEMP=C:\Users\0949748\AppData\Local\Temp, SystemDrive=C:, IPRINT_HOME=;C:\Program Files\Novell\iPrint;, NWLANGUAGE=FRANCAIS, WINDOWS_LOGIN=0, ProgramFiles=C:\Program Files, Path=C:\Windows\system32;C:\Windows;C:\Windows\System32\Wbem;C:\Windows\System32\WindowsPowerShell\v1.0\;C:\Program Files (x86)\Novell\GroupWise;C:\Program Files (x86)\QuickTime\QTSystem\;C:\Program Files\Novell\iPrint;;C:\Program Files (x86)\Novell\ZENworks\bin;C:\Program Files (x86)\Brackets\command;C:\Program Files\nodejs\;C:\_420\NodeJS\node_modules\.bin;C:\Program Files\TortoiseSVN\bin;C:\Program Files (x86)\Windows Kits\8.1\Windows Performance Toolkit\;C:\Program Files\Microsoft SQL Server\110\Tools\Binn\;C:\wamp\bin\php\php5.5.12;C:\ProgramData\ComposerSetup\bin;C:\Users\0949748\AppData\Roaming\npm;C:\Users\Administrateur\AppData\Local\Code\bin;Z:.;, HOMEDRIVE=C:, PROCESSOR_REVISION=3a09, USERDOMAIN=LD125-06-03955, ALLUSERSPROFILE=C:\ProgramData, NWUSERNAME=0949748, =P:=P:\, ProgramW6432=C:\Program Files, PROCESSOR_IDENTIFIER=Intel64 Family 6 Model 58 Stepping 9, GenuineIntel, SESSIONNAME=Console, TMP=C:\Users\0949748\AppData\Local\Temp, =H:=H:\, PROCESSOR_ARCHITECTURE=AMD64, CommonProgramFiles=C:\Program Files\Common Files, LOGONSERVER=\\LD125-06-03955, FP_NO_HOST_CHECK=NO, OS=Windows_NT, HOMEPATH=\Users\0949748, PROCESSOR_LEVEL=6, CommonProgramW6432=C:\Program Files\Common Files, LOCALAPPDATA=C:\Users\0949748\AppData\Local, VS120COMNTOOLS=C:\Program Files (x86)\Microsoft Visual Studio 12.0\Common7\Tools\, =Z:=Z:\, COMPUTERNAME=LD125-06-03955, windir=C:\Windows, SystemRoot=C:\Windows, NUMBER_OF_PROCESSORS=8, USERNAME=0949748, PUBLIC=C:\Users\Public, PSModulePath=C:\Windows\system32\WindowsPowerShell\v1.0\Modules\, CommonProgramFiles(x86)=C:\Program Files (x86)\Common Files, =I:=I:\, ComSpec=C:\Windows\system32\cmd.exe, APPDATA=C:\Users\0949748\AppData\Roaming}
13:12:06.056 [INFO] [org.gradle.launcher.daemon.server.exec.LogToClient] About to start relaying all logs to the client via the connection.
13:12:06.056 [INFO] [org.gradle.launcher.daemon.server.exec.LogToClient] The client will now receive all logging from the daemon (pid: 2708). The daemon log file: D:\AndroidStudio\.gradle\daemon\2.2.1\daemon-2708.out.log
13:12:06.056 [DEBUG] [org.gradle.launcher.daemon.server.exec.ExecuteBuild] The daemon has started executing the build.
13:12:06.057 [INFO] [org.gradle.launcher.daemon.server.exec.ExecuteBuild] Executing build with daemon context: DefaultDaemonContext[uid=7f5f57a9-ab9f-4988-a003-7d9502788fc7,javaHome=C:\Program Files\Java\jdk1.7.0_79,daemonRegistryDir=D:\AndroidStudio\.gradle\daemon,pid=2708,idleTimeout=10800000,daemonOpts=-XX:MaxPermSize=256m,-XX:+HeapDumpOnOutOfMemoryError,-Xmx1024m,-Dfile.encoding=windows-1252,-Duser.country=CA,-Duser.language=fr,-Duser.variant]
13:12:06.057 [DEBUG] [org.gradle.launcher.daemon.server.SynchronizedDispatchConnection] thread 19: received class org.gradle.launcher.daemon.protocol.CloseInput
13:12:06.058 [DEBUG] [org.gradle.launcher.daemon.server.DefaultDaemonConnection] Received IO message from client: CloseInput[id=16de08bc-5d60-4819-bae7-b8c653a6adc4.2]
13:12:06.058 [INFO] [org.gradle.launcher.daemon.server.exec.ForwardClientInput] Closing daemon's stdin at end of input.
13:12:06.058 [INFO] [org.gradle.launcher.daemon.server.exec.ForwardClientInput] The daemon will no longer process any standard input.
Configuration on demand is an incubating feature.
:app:preBuild UP-TO-DATE
:app:preDebugBuild UP-TO-DATE
:app:checkDebugManifest
:app:preReleaseBuild UP-TO-DATE
:app:prepareComAndroidSupportSupportV42200Library
:app:prepareDebugDependencies
:app:compileDebugAidl
:app:compileDebugRenderscript
:app:generateDebugBuildConfig
:app:generateDebugAssets UP-TO-DATE
:app:mergeDebugAssets
:app:generateDebugResValues
:app:generateDebugResources
:app:mergeDebugResourcesAGPBI: {"kind":"SIMPLE","text":"D:\\AndroidStudio\\PremierCours\\app\\src\\main\\res\\drawable-mdpi\\ic_drawer.png: libpng warning: iCCP: Not recognizing known sRGB profile that has been edited","position":{},"original":"D:\\AndroidStudio\\PremierCours\\app\\src\\main\\res\\drawable-mdpi\\ic_drawer.png: libpng warning: iCCP: Not recognizing known sRGB profile that has been edited"}

AGPBI: {"kind":"SIMPLE","text":"D:\\AndroidStudio\\PremierCours\\app\\src\\main\\res\\drawable-xhdpi\\ic_drawer.png: libpng warning: iCCP: Not recognizing known sRGB profile that has been edited","position":{},"original":"D:\\AndroidStudio\\PremierCours\\app\\src\\main\\res\\drawable-xhdpi\\ic_drawer.png: libpng warning: iCCP: Not recognizing known sRGB profile that has been edited"}

AGPBI: {"kind":"SIMPLE","text":"D:\\AndroidStudio\\PremierCours\\app\\src\\main\\res\\drawable-hdpi\\ic_drawer.png: libpng warning: iCCP: Not recognizing known sRGB profile that has been edited","position":{},"original":"D:\\AndroidStudio\\PremierCours\\app\\src\\main\\res\\drawable-hdpi\\ic_drawer.png: libpng warning: iCCP: Not recognizing known sRGB profile that has been edited"}


:app:processDebugManifest
:app:processDebugResources
:app:generateDebugSources
:app:preDebugAndroidTestBuild UP-TO-DATE
:app:prepareDebugAndroidTestDependencies
:app:compileDebugAndroidTestAidl
:app:processDebugAndroidTestManifest
:app:compileDebugAndroidTestRenderscript
:app:generateDebugAndroidTestBuildConfig
:app:generateDebugAndroidTestAssets UP-TO-DATE
:app:mergeDebugAndroidTestAssets
:app:generateDebugAndroidTestResValues
:app:generateDebugAndroidTestResources
:app:mergeDebugAndroidTestResources
:app:processDebugAndroidTestResources
:app:generateDebugAndroidTestSources

BUILD SUCCESSFUL

Total time: 4.605 secs
13:12:10.551 [DEBUG] [org.gradle.api.internal.tasks.compile.daemon.CompilerDaemonManager] Stopping 0 compiler daemon(s).
13:12:10.552 [INFO] [org.gradle.api.internal.tasks.compile.daemon.CompilerDaemonManager] Stopped 0 compiler daemon(s).
13:12:10.552 [DEBUG] [org.gradle.cache.internal.DefaultFileLockManager] Releasing lock on initscript class cache for initialization script 'C:\Users\0949748\AppData\Local\Temp\asLocalRepo1874899363462452059.gradle' (D:\AndroidStudio\.gradle\caches\2.2.1\scripts\asLocalRepo1874899363462452059_3w1o585r0njalvgvlkcvfzt9h\InitScript\initscript).
13:12:10.554 [DEBUG] [org.gradle.cache.internal.DefaultFileLockManager] Releasing lock on no_initscript class cache for initialization script 'C:\Users\0949748\AppData\Local\Temp\asLocalRepo1874899363462452059.gradle' (D:\AndroidStudio\.gradle\caches\2.2.1\scripts\asLocalRepo1874899363462452059_3w1o585r0njalvgvlkcvfzt9h\InitScript\no_initscript).
13:12:10.555 [DEBUG] [org.gradle.cache.internal.DefaultFileLockManager] Releasing lock on buildscript class cache for settings file 'D:\AndroidStudio\PremierCours\settings.gradle' (D:\AndroidStudio\.gradle\caches\2.2.1\scripts\settings_3kjz1pj12wz68fsmwf8wfyocy\SettingsScript\buildscript).
13:12:10.556 [DEBUG] [org.gradle.cache.internal.DefaultFileLockManager] Releasing lock on no_buildscript class cache for settings file 'D:\AndroidStudio\PremierCours\settings.gradle' (D:\AndroidStudio\.gradle\caches\2.2.1\scripts\settings_3kjz1pj12wz68fsmwf8wfyocy\SettingsScript\no_buildscript).
13:12:10.557 [DEBUG] [org.gradle.cache.internal.DefaultFileLockManager] Releasing lock on buildscript class cache for build file 'D:\AndroidStudio\PremierCours\build.gradle' (D:\AndroidStudio\.gradle\caches\2.2.1\scripts\build_9em4s4x4f1gfxp1deksbo2z3z\ProjectScript\buildscript).
13:12:10.558 [DEBUG] [org.gradle.cache.internal.DefaultFileLockManager] Releasing lock on no_buildscript class cache for build file 'D:\AndroidStudio\PremierCours\build.gradle' (D:\AndroidStudio\.gradle\caches\2.2.1\scripts\build_9em4s4x4f1gfxp1deksbo2z3z\ProjectScript\no_buildscript).
13:12:10.559 [DEBUG] [org.gradle.cache.internal.DefaultFileLockManager] Releasing lock on buildscript class cache for build file 'D:\AndroidStudio\PremierCours\app\build.gradle' (D:\AndroidStudio\.gradle\caches\2.2.1\scripts\build_amwmqj3nw6j4qqu44g8sllii4\ProjectScript\buildscript).
13:12:10.560 [DEBUG] [org.gradle.cache.internal.DefaultFileLockManager] Releasing lock on no_buildscript class cache for build file 'D:\AndroidStudio\PremierCours\app\build.gradle' (D:\AndroidStudio\.gradle\caches\2.2.1\scripts\build_amwmqj3nw6j4qqu44g8sllii4\ProjectScript\no_buildscript).
13:12:10.561 [DEBUG] [org.gradle.cache.internal.btree.BTreePersistentIndexedCache] Closing cache module-metadata.bin (D:\AndroidStudio\.gradle\caches\modules-2\metadata-2.14\module-metadata.bin)
13:12:10.564 [DEBUG] [org.gradle.cache.internal.DefaultFileLockManager] Releasing lock on artifact cache (D:\AndroidStudio\.gradle\caches\modules-2).
13:12:10.565 [DEBUG] [org.gradle.cache.internal.DefaultCacheAccess] Cache jars (D:\AndroidStudio\.gradle\caches\jars-1) was closed 0 times.
13:12:10.566 [DEBUG] [org.gradle.cache.internal.DefaultCacheAccess] Cache Plugin Resolution Cache (D:\AndroidStudio\.gradle\caches\2.2.1\plugin-resolution) was closed 0 times.
13:12:10.566 [DEBUG] [org.gradle.cache.internal.btree.BTreePersistentIndexedCache] Closing cache fileSnapshots.bin (D:\AndroidStudio\PremierCours\.gradle\2.2.1\taskArtifacts\fileSnapshots.bin)
13:12:10.570 [DEBUG] [org.gradle.cache.internal.btree.BTreePersistentIndexedCache] Closing cache fileHashes.bin (D:\AndroidStudio\PremierCours\.gradle\2.2.1\taskArtifacts\fileHashes.bin)
13:12:10.573 [DEBUG] [org.gradle.cache.internal.btree.BTreePersistentIndexedCache] Closing cache outputFileStates.bin (D:\AndroidStudio\PremierCours\.gradle\2.2.1\taskArtifacts\outputFileStates.bin)
13:12:10.576 [DEBUG] [org.gradle.cache.internal.btree.BTreePersistentIndexedCache] Closing cache taskArtifacts.bin (D:\AndroidStudio\PremierCours\.gradle\2.2.1\taskArtifacts\taskArtifacts.bin)
13:12:10.579 [DEBUG] [org.gradle.cache.internal.DefaultFileLockManager] Releasing lock on task history cache (D:\AndroidStudio\PremierCours\.gradle\2.2.1\taskArtifacts).
13:12:10.580 [DEBUG] [org.gradle.api.internal.artifacts.ivyservice.ivyresolve.memcache.InMemoryCachedRepositoryFactory] In-memory dependency metadata cache closed. Repos cached: 14, cache instances: 4, modules served from cache: 30, artifacts: 20
13:12:10.583 [DEBUG] [org.gradle.api.internal.artifacts.ivyservice.resolveengine.store.CachedStoreFactory] Resolution result cache closed. Cache reads: 0, disk reads: 4 (avg: 0.003 secs, total: 0.013 secs)
13:12:10.587 [DEBUG] [org.gradle.api.internal.artifacts.ivyservice.resolveengine.store.CachedStoreFactory] Resolved configuration cache closed. Cache reads: 0, disk reads: 0 (avg: 0.0 secs, total: 0.0 secs)
13:12:10.588 [DEBUG] [org.gradle.api.internal.artifacts.ivyservice.resolveengine.store.ResolutionResultsStoreFactory] Deleted 2 resolution results binary files in 0.008 secs
13:12:10.588 [DEBUG] [org.gradle.launcher.daemon.server.exec.ExecuteBuild] The daemon has finished executing the build.
13:12:10.590 [DEBUG] [org.gradle.launcher.daemon.server.DaemonStateCoordinator] Command execution: finished waiting for DaemonCommandExecution[command = Build{id=16de08bc-5d60-4819-bae7-b8c653a6adc4.1, currentDir=D:\AndroidStudio\PremierCours}, connection = org.gradle.launcher.daemon.server.DefaultDaemonConnection@e75825e]. Result org.gradle.launcher.daemon.server.DaemonStateCoordinator@5688147b with state Running
13:12:10.590 [DEBUG] [org.gradle.launcher.daemon.server.DaemonStateCoordinator] Command execution: completed DaemonCommandExecution[command = Build{id=16de08bc-5d60-4819-bae7-b8c653a6adc4.1, currentDir=D:\AndroidStudio\PremierCours}, connection = org.gradle.launcher.daemon.server.DefaultDaemonConnection@e75825e]
13:12:10.590 [DEBUG] [org.gradle.launcher.daemon.server.DaemonStateCoordinator] updating lastActivityAt to 1440177130590
13:12:10.591 [INFO] [org.gradle.launcher.daemon.server.DomainRegistryUpdater] Marking the daemon as idle, address: [b9966efe-cfb3-417a-9d0c-f1345c78b667 port:54912, addresses:[/127.0.0.1, /0:0:0:0:0:0:0:1]]
13:12:10.591 [DEBUG] [org.gradle.launcher.daemon.registry.PersistentDaemonRegistry] Marking idle by address: [b9966efe-cfb3-417a-9d0c-f1345c78b667 port:54912, addresses:[/127.0.0.1, /0:0:0:0:0:0:0:1]]
13:12:10.592 [DEBUG] [org.gradle.cache.internal.DefaultFileLockManager] Waiting to acquire exclusive lock on daemon addresses registry.
13:12:10.592 [DEBUG] [org.gradle.cache.internal.DefaultFileLockManager] Lock acquired.
13:12:10.596 [DEBUG] [org.gradle.cache.internal.DefaultFileLockManager] Releasing lock on daemon addresses registry.
13:12:10.597 [DEBUG] [org.gradle.launcher.daemon.server.exec.ReturnResult] Daemon is dispatching the build result: DaemonCommandResult[type=Success, value=org.gradle.tooling.internal.provider.BuildActionResult@6722ed67]
13:12:10.597 [DEBUG] [org.gradle.launcher.daemon.server.DaemonStateCoordinator] Daemon is idle, sleeping until state change or idle timeout at Fri Aug 21 16:12:10 EDT 2015
13:12:10.597 [DEBUG] [org.gradle.launcher.daemon.server.SynchronizedDispatchConnection] thread 13: dispatching class org.gradle.launcher.daemon.protocol.Success
13:12:10.599 [DEBUG] [org.gradle.launcher.daemon.server.DefaultIncomingConnectionHandler] Finishing executing command: Build{id=16de08bc-5d60-4819-bae7-b8c653a6adc4.1, currentDir=D:\AndroidStudio\PremierCours}
13:12:10.600 [DEBUG] [org.gradle.launcher.daemon.server.SynchronizedDispatchConnection] thread 19: received class org.gradle.launcher.daemon.protocol.Finished
13:12:10.600 [DEBUG] [org.gradle.launcher.daemon.server.DefaultDaemonConnection] Received non-IO message from client: org.gradle.launcher.daemon.protocol.Finished@77048e7e
13:12:10.600 [DEBUG] [org.gradle.launcher.daemon.server.DefaultIncomingConnectionHandler] Received finished message: org.gradle.launcher.daemon.protocol.Finished@77048e7e
13:12:10.600 [DEBUG] [org.gradle.launcher.daemon.server.SynchronizedDispatchConnection] thread 19: received null
13:12:10.601 [DEBUG] [org.gradle.launcher.daemon.server.SynchronizedDispatchConnection] thread 13: stopping connection
13:12:10.601 [DEBUG] [org.gradle.launcher.daemon.server.DefaultDaemonConnection] Received end-of-input from client.
13:12:10.602 [DEBUG] [org.gradle.launcher.daemon.server.SynchronizedDispatchConnection] thread 13: stopping connection
13:22:23.881 [DEBUG] [org.gradle.messaging.remote.internal.inet.TcpIncomingConnector] Accepted connection from /127.0.0.1:55543 to /127.0.0.1:54912.
13:22:23.895 [DEBUG] [org.gradle.launcher.daemon.server.SynchronizedDispatchConnection] thread 100: received class org.gradle.launcher.daemon.protocol.Build
13:22:23.896 [DEBUG] [org.gradle.launcher.daemon.server.DefaultDaemonConnection] Received non-IO message from client: Build{id=ec6d9421-9b4e-47f9-8b05-217660001f21.1, currentDir=D:\AndroidStudio\PremierCours}
13:22:23.896 [INFO] [org.gradle.launcher.daemon.server.DefaultIncomingConnectionHandler] Received command: Build{id=ec6d9421-9b4e-47f9-8b05-217660001f21.1, currentDir=D:\AndroidStudio\PremierCours}.
13:22:23.897 [DEBUG] [org.gradle.launcher.daemon.server.DefaultIncomingConnectionHandler] Starting executing command: Build{id=ec6d9421-9b4e-47f9-8b05-217660001f21.1, currentDir=D:\AndroidStudio\PremierCours} with connection: socket connection from /127.0.0.1:54912 to /127.0.0.1:55543.
13:22:23.897 [DEBUG] [org.gradle.launcher.daemon.server.DaemonStateCoordinator] Command execution: started DaemonCommandExecution[command = Build{id=ec6d9421-9b4e-47f9-8b05-217660001f21.1, currentDir=D:\AndroidStudio\PremierCours}, connection = org.gradle.launcher.daemon.server.DefaultDaemonConnection@23ab3e8] after 10.0 minutes of idle
13:22:23.897 [INFO] [org.gradle.launcher.daemon.server.DomainRegistryUpdater] Marking the daemon as busy, address: [b9966efe-cfb3-417a-9d0c-f1345c78b667 port:54912, addresses:[/127.0.0.1, /0:0:0:0:0:0:0:1]]
13:22:23.898 [DEBUG] [org.gradle.launcher.daemon.registry.PersistentDaemonRegistry] Marking busy by address: [b9966efe-cfb3-417a-9d0c-f1345c78b667 port:54912, addresses:[/127.0.0.1, /0:0:0:0:0:0:0:1]]
13:22:23.899 [DEBUG] [org.gradle.cache.internal.DefaultFileLockManager] Waiting to acquire exclusive lock on daemon addresses registry.
13:22:23.899 [DEBUG] [org.gradle.cache.internal.DefaultFileLockManager] Lock acquired.
13:22:23.904 [DEBUG] [org.gradle.cache.internal.DefaultFileLockManager] Releasing lock on daemon addresses registry.
13:22:23.905 [DEBUG] [org.gradle.launcher.daemon.server.DaemonStateCoordinator] updating lastActivityAt to 1440177743905
13:22:23.905 [DEBUG] [org.gradle.launcher.daemon.server.DaemonStateCoordinator] Daemon is busy, sleeping until state changes.
13:22:23.906 [INFO] [org.gradle.launcher.daemon.server.exec.StartBuildOrRespondWithBusy] Daemon is about to start building Build{id=ec6d9421-9b4e-47f9-8b05-217660001f21.1, currentDir=D:\AndroidStudio\PremierCours}. Dispatching build started information...
13:22:23.906 [DEBUG] [org.gradle.launcher.daemon.server.SynchronizedDispatchConnection] thread 102: dispatching class org.gradle.launcher.daemon.protocol.BuildStarted
13:22:23.907 [DEBUG] [org.gradle.launcher.daemon.server.exec.EstablishBuildEnvironment] Configuring env variables: {USERPROFILE=C:\Users\0949748, ProgramData=C:\ProgramData, PATHEXT=.COM;.EXE;.BAT;.CMD;.VBS;.VBE;.JS;.JSE;.WSF;.WSH;.MSC, ANDROID_SDK_HOME=C:\Android\sdk, ProgramFiles(x86)=C:\Program Files (x86), ZENWORKS_HOME=C:\Program Files (x86)\Novell\ZENworks, TEMP=C:\Users\0949748\AppData\Local\Temp, SystemDrive=C:, IPRINT_HOME=;C:\Program Files\Novell\iPrint;, NWLANGUAGE=FRANCAIS, WINDOWS_LOGIN=0, ProgramFiles=C:\Program Files, Path=C:\Windows\system32;C:\Windows;C:\Windows\System32\Wbem;C:\Windows\System32\WindowsPowerShell\v1.0\;C:\Program Files (x86)\Novell\GroupWise;C:\Program Files (x86)\QuickTime\QTSystem\;C:\Program Files\Novell\iPrint;;C:\Program Files (x86)\Novell\ZENworks\bin;C:\Program Files (x86)\Brackets\command;C:\Program Files\nodejs\;C:\_420\NodeJS\node_modules\.bin;C:\Program Files\TortoiseSVN\bin;C:\Program Files (x86)\Windows Kits\8.1\Windows Performance Toolkit\;C:\Program Files\Microsoft SQL Server\110\Tools\Binn\;C:\wamp\bin\php\php5.5.12;C:\ProgramData\ComposerSetup\bin;C:\Users\0949748\AppData\Roaming\npm;C:\Users\Administrateur\AppData\Local\Code\bin;Z:.;, HOMEDRIVE=C:, PROCESSOR_REVISION=3a09, USERDOMAIN=LD125-06-03955, ALLUSERSPROFILE=C:\ProgramData, NWUSERNAME=0949748, =P:=P:\, ProgramW6432=C:\Program Files, PROCESSOR_IDENTIFIER=Intel64 Family 6 Model 58 Stepping 9, GenuineIntel, SESSIONNAME=Console, TMP=C:\Users\0949748\AppData\Local\Temp, =H:=H:\, PROCESSOR_ARCHITECTURE=AMD64, CommonProgramFiles=C:\Program Files\Common Files, LOGONSERVER=\\LD125-06-03955, FP_NO_HOST_CHECK=NO, OS=Windows_NT, HOMEPATH=\Users\0949748, PROCESSOR_LEVEL=6, CommonProgramW6432=C:\Program Files\Common Files, LOCALAPPDATA=C:\Users\0949748\AppData\Local, VS120COMNTOOLS=C:\Program Files (x86)\Microsoft Visual Studio 12.0\Common7\Tools\, =Z:=Z:\, COMPUTERNAME=LD125-06-03955, windir=C:\Windows, SystemRoot=C:\Windows, NUMBER_OF_PROCESSORS=8, USERNAME=0949748, PUBLIC=C:\Users\Public, PSModulePath=C:\Windows\system32\WindowsPowerShell\v1.0\Modules\, CommonProgramFiles(x86)=C:\Program Files (x86)\Common Files, =I:=I:\, ComSpec=C:\Windows\system32\cmd.exe, APPDATA=C:\Users\0949748\AppData\Roaming}
13:22:23.908 [INFO] [org.gradle.launcher.daemon.server.exec.LogToClient] About to start relaying all logs to the client via the connection.
13:22:23.909 [INFO] [org.gradle.launcher.daemon.server.exec.LogToClient] The client will now receive all logging from the daemon (pid: 2708). The daemon log file: D:\AndroidStudio\.gradle\daemon\2.2.1\daemon-2708.out.log
13:22:23.909 [DEBUG] [org.gradle.launcher.daemon.server.exec.ExecuteBuild] The daemon has started executing the build.
13:22:23.909 [INFO] [org.gradle.launcher.daemon.server.exec.ExecuteBuild] Executing build with daemon context: DefaultDaemonContext[uid=7f5f57a9-ab9f-4988-a003-7d9502788fc7,javaHome=C:\Program Files\Java\jdk1.7.0_79,daemonRegistryDir=D:\AndroidStudio\.gradle\daemon,pid=2708,idleTimeout=10800000,daemonOpts=-XX:MaxPermSize=256m,-XX:+HeapDumpOnOutOfMemoryError,-Xmx1024m,-Dfile.encoding=windows-1252,-Duser.country=CA,-Duser.language=fr,-Duser.variant]
13:22:23.910 [DEBUG] [org.gradle.launcher.daemon.server.SynchronizedDispatchConnection] thread 100: received class org.gradle.launcher.daemon.protocol.CloseInput
13:22:23.911 [DEBUG] [org.gradle.launcher.daemon.server.DefaultDaemonConnection] Received IO message from client: CloseInput[id=ec6d9421-9b4e-47f9-8b05-217660001f21.2]
13:22:23.911 [INFO] [org.gradle.launcher.daemon.server.exec.ForwardClientInput] Closing daemon's stdin at end of input.
13:22:23.911 [INFO] [org.gradle.launcher.daemon.server.exec.ForwardClientInput] The daemon will no longer process any standard input.
Configuration on demand is an incubating feature.
:app:preBuild UP-TO-DATE
:app:preDebugBuild UP-TO-DATE
:app:compileDebugNdk UP-TO-DATE
:app:checkDebugManifest
:app:preReleaseBuild UP-TO-DATE
:app:prepareComAndroidSupportSupportV42200Library UP-TO-DATE
:app:prepareDebugDependencies
:app:compileDebugAidl UP-TO-DATE
:app:compileDebugRenderscript UP-TO-DATE
:app:generateDebugBuildConfig UP-TO-DATE
:app:generateDebugAssets UP-TO-DATE
:app:mergeDebugAssets UP-TO-DATE
:app:generateDebugResValues UP-TO-DATE
:app:generateDebugResources UP-TO-DATE
:app:mergeDebugResources UP-TO-DATE
:app:processDebugManifest UP-TO-DATE
:app:processDebugResources UP-TO-DATE
:app:generateDebugSources UP-TO-DATE
:app:compileDebugJavaNote: Some input files use or override a deprecated API.
Note: Recompile with -Xlint:deprecation for details.

:app:preDexDebug
:app:dexDebug
:app:processDebugJavaRes UP-TO-DATE
:app:validateDebugSigning
:app:packageDebug
:app:zipalignDebug
:app:assembleDebug

BUILD SUCCESSFUL

Total time: 9.573 secs
13:22:33.376 [DEBUG] [org.gradle.api.internal.tasks.compile.daemon.CompilerDaemonManager] Stopping 0 compiler daemon(s).
13:22:33.376 [INFO] [org.gradle.api.internal.tasks.compile.daemon.CompilerDaemonManager] Stopped 0 compiler daemon(s).
13:22:33.376 [DEBUG] [org.gradle.cache.internal.DefaultFileLockManager] Releasing lock on initscript class cache for initialization script 'C:\Users\0949748\AppData\Local\Temp\asLocalRepo4513563813190216234.gradle' (D:\AndroidStudio\.gradle\caches\2.2.1\scripts\asLocalRepo4513563813190216234_c5asoq1y0k1ueevs5yftg1afw\InitScript\initscript).
13:22:33.378 [DEBUG] [org.gradle.cache.internal.DefaultFileLockManager] Releasing lock on no_initscript class cache for initialization script 'C:\Users\0949748\AppData\Local\Temp\asLocalRepo4513563813190216234.gradle' (D:\AndroidStudio\.gradle\caches\2.2.1\scripts\asLocalRepo4513563813190216234_c5asoq1y0k1ueevs5yftg1afw\InitScript\no_initscript).
13:22:33.379 [DEBUG] [org.gradle.cache.internal.DefaultFileLockManager] Releasing lock on buildscript class cache for settings file 'D:\AndroidStudio\PremierCours\settings.gradle' (D:\AndroidStudio\.gradle\caches\2.2.1\scripts\settings_3kjz1pj12wz68fsmwf8wfyocy\SettingsScript\buildscript).
13:22:33.379 [DEBUG] [org.gradle.cache.internal.DefaultFileLockManager] Releasing lock on no_buildscript class cache for settings file 'D:\AndroidStudio\PremierCours\settings.gradle' (D:\AndroidStudio\.gradle\caches\2.2.1\scripts\settings_3kjz1pj12wz68fsmwf8wfyocy\SettingsScript\no_buildscript).
13:22:33.380 [DEBUG] [org.gradle.cache.internal.DefaultFileLockManager] Releasing lock on buildscript class cache for build file 'D:\AndroidStudio\PremierCours\build.gradle' (D:\AndroidStudio\.gradle\caches\2.2.1\scripts\build_9em4s4x4f1gfxp1deksbo2z3z\ProjectScript\buildscript).
13:22:33.380 [DEBUG] [org.gradle.cache.internal.DefaultFileLockManager] Releasing lock on no_buildscript class cache for build file 'D:\AndroidStudio\PremierCours\build.gradle' (D:\AndroidStudio\.gradle\caches\2.2.1\scripts\build_9em4s4x4f1gfxp1deksbo2z3z\ProjectScript\no_buildscript).
13:22:33.380 [DEBUG] [org.gradle.cache.internal.DefaultFileLockManager] Releasing lock on buildscript class cache for build file 'D:\AndroidStudio\PremierCours\app\build.gradle' (D:\AndroidStudio\.gradle\caches\2.2.1\scripts\build_amwmqj3nw6j4qqu44g8sllii4\ProjectScript\buildscript).
13:22:33.381 [DEBUG] [org.gradle.cache.internal.DefaultFileLockManager] Releasing lock on no_buildscript class cache for build file 'D:\AndroidStudio\PremierCours\app\build.gradle' (D:\AndroidStudio\.gradle\caches\2.2.1\scripts\build_amwmqj3nw6j4qqu44g8sllii4\ProjectScript\no_buildscript).
13:22:33.381 [DEBUG] [org.gradle.cache.internal.DefaultCacheAccess] Cache Plugin Resolution Cache (D:\AndroidStudio\.gradle\caches\2.2.1\plugin-resolution) was closed 0 times.
13:22:33.382 [DEBUG] [org.gradle.cache.internal.btree.BTreePersistentIndexedCache] Closing cache module-metadata.bin (D:\AndroidStudio\.gradle\caches\modules-2\metadata-2.14\module-metadata.bin)
13:22:33.382 [DEBUG] [org.gradle.cache.internal.DefaultFileLockManager] Releasing lock on artifact cache (D:\AndroidStudio\.gradle\caches\modules-2).
13:22:33.383 [DEBUG] [org.gradle.cache.internal.DefaultCacheAccess] Cache jars (D:\AndroidStudio\.gradle\caches\jars-1) was closed 0 times.
13:22:33.384 [DEBUG] [org.gradle.cache.internal.btree.BTreePersistentIndexedCache] Closing cache taskArtifacts.bin (D:\AndroidStudio\PremierCours\.gradle\2.2.1\taskArtifacts\taskArtifacts.bin)
13:22:33.387 [DEBUG] [org.gradle.cache.internal.btree.BTreePersistentIndexedCache] Closing cache fileHashes.bin (D:\AndroidStudio\PremierCours\.gradle\2.2.1\taskArtifacts\fileHashes.bin)
13:22:33.390 [DEBUG] [org.gradle.cache.internal.btree.BTreePersistentIndexedCache] Closing cache fileSnapshots.bin (D:\AndroidStudio\PremierCours\.gradle\2.2.1\taskArtifacts\fileSnapshots.bin)
13:22:33.393 [DEBUG] [org.gradle.cache.internal.btree.BTreePersistentIndexedCache] Closing cache outputFileStates.bin (D:\AndroidStudio\PremierCours\.gradle\2.2.1\taskArtifacts\outputFileStates.bin)
13:22:33.396 [DEBUG] [org.gradle.cache.internal.DefaultFileLockManager] Releasing lock on task history cache (D:\AndroidStudio\PremierCours\.gradle\2.2.1\taskArtifacts).
13:22:33.401 [DEBUG] [org.gradle.api.internal.artifacts.ivyservice.ivyresolve.memcache.InMemoryCachedRepositoryFactory] In-memory dependency metadata cache closed. Repos cached: 14, cache instances: 4, modules served from cache: 30, artifacts: 20
13:22:33.404 [DEBUG] [org.gradle.api.internal.artifacts.ivyservice.resolveengine.store.CachedStoreFactory] Resolution result cache closed. Cache reads: 0, disk reads: 4 (avg: 0.0 secs, total: 0.0 secs)
13:22:33.407 [DEBUG] [org.gradle.api.internal.artifacts.ivyservice.resolveengine.store.CachedStoreFactory] Resolved configuration cache closed. Cache reads: 0, disk reads: 0 (avg: 0.0 secs, total: 0.0 secs)
13:22:33.408 [DEBUG] [org.gradle.api.internal.artifacts.ivyservice.resolveengine.store.ResolutionResultsStoreFactory] Deleted 2 resolution results binary files in 0.007 secs
13:22:33.408 [DEBUG] [org.gradle.launcher.daemon.server.exec.ExecuteBuild] The daemon has finished executing the build.
13:22:33.990 [DEBUG] [org.gradle.launcher.daemon.server.DaemonStateCoordinator] Daemon is busy, sleeping until state changes.
13:22:33.990 [DEBUG] [org.gradle.launcher.daemon.server.DaemonStateCoordinator] Command execution: finished waiting for DaemonCommandExecution[command = Build{id=ec6d9421-9b4e-47f9-8b05-217660001f21.1, currentDir=D:\AndroidStudio\PremierCours}, connection = org.gradle.launcher.daemon.server.DefaultDaemonConnection@23ab3e8]. Result org.gradle.launcher.daemon.server.DaemonStateCoordinator@5688147b with state Running
13:22:33.990 [DEBUG] [org.gradle.launcher.daemon.server.DaemonStateCoordinator] Command execution: completed DaemonCommandExecution[command = Build{id=ec6d9421-9b4e-47f9-8b05-217660001f21.1, currentDir=D:\AndroidStudio\PremierCours}, connection = org.gradle.launcher.daemon.server.DefaultDaemonConnection@23ab3e8]
13:22:33.990 [DEBUG] [org.gradle.launcher.daemon.server.DaemonStateCoordinator] updating lastActivityAt to 1440177753990
13:22:33.990 [INFO] [org.gradle.launcher.daemon.server.DomainRegistryUpdater] Marking the daemon as idle, address: [b9966efe-cfb3-417a-9d0c-f1345c78b667 port:54912, addresses:[/127.0.0.1, /0:0:0:0:0:0:0:1]]
13:22:33.990 [DEBUG] [org.gradle.launcher.daemon.registry.PersistentDaemonRegistry] Marking idle by address: [b9966efe-cfb3-417a-9d0c-f1345c78b667 port:54912, addresses:[/127.0.0.1, /0:0:0:0:0:0:0:1]]
13:22:33.990 [DEBUG] [org.gradle.cache.internal.DefaultFileLockManager] Waiting to acquire exclusive lock on daemon addresses registry.
13:22:33.990 [DEBUG] [org.gradle.cache.internal.DefaultFileLockManager] Lock acquired.
13:22:33.990 [DEBUG] [org.gradle.cache.internal.DefaultFileLockManager] Releasing lock on daemon addresses registry.
13:22:33.990 [DEBUG] [org.gradle.launcher.daemon.server.exec.ReturnResult] Daemon is dispatching the build result: DaemonCommandResult[type=Success, value=org.gradle.tooling.internal.provider.BuildActionResult@389a372b]
13:22:33.990 [DEBUG] [org.gradle.launcher.daemon.server.DaemonStateCoordinator] Daemon is idle, sleeping until state change or idle timeout at Fri Aug 21 16:22:33 EDT 2015
13:22:33.990 [DEBUG] [org.gradle.launcher.daemon.server.SynchronizedDispatchConnection] thread 99: dispatching class org.gradle.launcher.daemon.protocol.Success
13:22:33.990 [DEBUG] [org.gradle.launcher.daemon.server.DefaultIncomingConnectionHandler] Finishing executing command: Build{id=ec6d9421-9b4e-47f9-8b05-217660001f21.1, currentDir=D:\AndroidStudio\PremierCours}
13:22:33.990 [DEBUG] [org.gradle.launcher.daemon.server.SynchronizedDispatchConnection] thread 100: received class org.gradle.launcher.daemon.protocol.Finished
13:22:33.990 [DEBUG] [org.gradle.launcher.daemon.server.DefaultDaemonConnection] Received non-IO message from client: org.gradle.launcher.daemon.protocol.Finished@6d7250d
13:22:33.990 [DEBUG] [org.gradle.launcher.daemon.server.DefaultIncomingConnectionHandler] Received finished message: org.gradle.launcher.daemon.protocol.Finished@6d7250d
13:22:33.990 [DEBUG] [org.gradle.launcher.daemon.server.SynchronizedDispatchConnection] thread 100: received null
13:22:33.990 [DEBUG] [org.gradle.launcher.daemon.server.SynchronizedDispatchConnection] thread 99: stopping connection
13:22:34.005 [DEBUG] [org.gradle.launcher.daemon.server.DefaultDaemonConnection] Received end-of-input from client.
13:22:34.005 [DEBUG] [org.gradle.launcher.daemon.server.SynchronizedDispatchConnection] thread 99: stopping connection
15:16:58.971 [DEBUG] [org.gradle.messaging.remote.internal.inet.TcpIncomingConnector] Accepted connection from /127.0.0.1:56923 to /127.0.0.1:54912.
15:16:58.976 [DEBUG] [org.gradle.launcher.daemon.server.SynchronizedDispatchConnection] thread 133: received class org.gradle.launcher.daemon.protocol.StopWhenIdle
15:16:58.977 [DEBUG] [org.gradle.launcher.daemon.server.DefaultDaemonConnection] Received non-IO message from client: StopWhenIdle[id=a0cb94cc-420a-489f-9b4c-2bab39c25f1b.1]
15:16:58.977 [INFO] [org.gradle.launcher.daemon.server.DefaultIncomingConnectionHandler] Received command: StopWhenIdle[id=a0cb94cc-420a-489f-9b4c-2bab39c25f1b.1].
15:16:58.977 [DEBUG] [org.gradle.launcher.daemon.server.DefaultIncomingConnectionHandler] Starting executing command: StopWhenIdle[id=a0cb94cc-420a-489f-9b4c-2bab39c25f1b.1] with connection: socket connection from /127.0.0.1:54912 to /127.0.0.1:56923.
15:16:58.977 [DEBUG] [org.gradle.launcher.daemon.server.DaemonStateCoordinator] Stop as soon as idle requested. The daemon is busy: false
15:16:58.978 [DEBUG] [org.gradle.launcher.daemon.server.DaemonStateCoordinator] Marking daemon stopped due to stop requested and daemon idle. The daemon is running a build: false
15:16:58.978 [DEBUG] [org.gradle.launcher.daemon.server.SynchronizedDispatchConnection] thread 132: dispatching class org.gradle.launcher.daemon.protocol.Success
15:16:58.978 [DEBUG] [org.gradle.launcher.daemon.server.DaemonStateCoordinator] Idle timeout: daemon has stopped.
15:16:58.979 [DEBUG] [org.gradle.launcher.daemon.server.DefaultIncomingConnectionHandler] Finishing executing command: StopWhenIdle[id=a0cb94cc-420a-489f-9b4c-2bab39c25f1b.1]
15:16:58.979 [DEBUG] [org.gradle.launcher.daemon.server.SynchronizedDispatchConnection] thread 133: received class org.gradle.launcher.daemon.protocol.Finished
15:16:58.979 [DEBUG] [org.gradle.launcher.daemon.server.DefaultDaemonConnection] Received non-IO message from client: org.gradle.launcher.daemon.protocol.Finished@34a9a685
15:16:58.979 [DEBUG] [org.gradle.launcher.daemon.server.Daemon] stop() called on daemon
15:16:58.980 [DEBUG] [org.gradle.launcher.daemon.server.DefaultIncomingConnectionHandler] Received finished message: org.gradle.launcher.daemon.protocol.Finished@34a9a685
15:16:58.980 [DEBUG] [org.gradle.launcher.daemon.server.SynchronizedDispatchConnection] thread 133: received null
15:16:58.980 [DEBUG] [org.gradle.launcher.daemon.server.SynchronizedDispatchConnection] thread 132: stopping connection
15:16:58.980 [INFO] [org.gradle.launcher.daemon.server.Daemon] Stop requested. Daemon is removing its presence from the registry...
15:16:58.980 [DEBUG] [org.gradle.launcher.daemon.server.DefaultDaemonConnection] Received end-of-input from client.
15:16:58.981 [DEBUG] [org.gradle.launcher.daemon.server.DomainRegistryUpdater] Removing our presence to clients, eg. removing this address from the registry: [b9966efe-cfb3-417a-9d0c-f1345c78b667 port:54912, addresses:[/127.0.0.1, /0:0:0:0:0:0:0:1]]
15:16:58.981 [DEBUG] [org.gradle.launcher.daemon.server.SynchronizedDispatchConnection] thread 132: stopping connection
15:16:58.982 [DEBUG] [org.gradle.launcher.daemon.registry.PersistentDaemonRegistry] Removing daemon address: [b9966efe-cfb3-417a-9d0c-f1345c78b667 port:54912, addresses:[/127.0.0.1, /0:0:0:0:0:0:0:1]]
15:16:58.984 [DEBUG] [org.gradle.cache.internal.DefaultFileLockManager] Waiting to acquire exclusive lock on daemon addresses registry.
15:16:58.985 [DEBUG] [org.gradle.cache.internal.DefaultFileLockManager] Lock acquired.
15:16:58.993 [DEBUG] [org.gradle.cache.internal.DefaultFileLockManager] Releasing lock on daemon addresses registry.
15:16:58.995 [DEBUG] [org.gradle.launcher.daemon.server.DomainRegistryUpdater] Address removed from registry.
Daemon vm is shutting down... The daemon has exited normally or was terminated in response to a user interrupt.
15:16:59.005 [DEBUG] [org.gradle.launcher.daemon.registry.PersistentDaemonRegistry] Removing daemon address: [b9966efe-cfb3-417a-9d0c-f1345c78b667 port:54912, addresses:[/127.0.0.1, /0:0:0:0:0:0:0:1]]
15:16:59.005 [DEBUG] [org.gradle.cache.internal.DefaultFileLockManager] Waiting to acquire exclusive lock on daemon addresses registry.
15:16:59.006 [DEBUG] [org.gradle.cache.internal.DefaultFileLockManager] Lock acquired.
15:16:59.008 [DEBUG] [org.gradle.cache.internal.DefaultFileLockManager] Releasing lock on daemon addresses registry.
